lib_tcvideoediter/build/outputs/logs/manifest-merger-debug-report.txt
-- Merging decision tree log ---
manifest
ADDED from src\main\AndroidManifest.xml:2:1-43:12
INJECTED from src\main\AndroidManifest.xml:2:1-43:12
INJECTED from src\main\AndroidManifest.xml:2:1-43:12
INJECTED from src\main\AndroidManifest.xml:2:1-43:12
INJECTED from src\main\AndroidManifest.xml:2:1-43:12
INJECTED from src\main\AndroidManifest.xml:2:1-43:12
INJECTED from src\main\AndroidManifest.xml:2:1-43:12
	package
		ADDED from src\main\AndroidManifest.xml:3:5-50
		INJECTED from src\main\AndroidManifest.xml
		INJECTED from src\main\AndroidManifest.xml
	android:versionName
		ADDED from src\main\AndroidManifest.xml:5:5-30
		INJECTED from src\main\AndroidManifest.xml
		INJECTED from src\main\AndroidManifest.xml
	xmlns:android
		ADDED from src\main\AndroidManifest.xml:2:11-69
	android:versionCode
		ADDED from src\main\AndroidManifest.xml:4:5-28
		INJECTED from src\main\AndroidManifest.xml
		INJECTED from src\main\AndroidManifest.xml
application
ADDED from src\main\AndroidManifest.xml:7:5-41:19
activity#com.tencent.liteav.demo.videoediter.TCVideoEditChooseActivity
ADDED from src\main\AndroidManifest.xml:8:9-10:52
	android:screenOrientation
		ADDED from src\main\AndroidManifest.xml:10:13-49
	android:name
		ADDED from src\main\AndroidManifest.xml:9:13-54
activity#com.tencent.liteav.demo.videoediter.TCVideoPreprocessActivity
ADDED from src\main\AndroidManifest.xml:11:9-21:20
	android:screenOrientation
		ADDED from src\main\AndroidManifest.xml:14:13-49
	android:launchMode
		ADDED from src\main\AndroidManifest.xml:13:13-43
	android:name
		ADDED from src\main\AndroidManifest.xml:12:13-54
intent-filter#action:name:android.intent.action.MAIN+action:name:com.tencent.liteav.demo.videopreprocess+category:name:android.intent.category.DEFAULT
ADDED from src\main\AndroidManifest.xml:15:13-20:29
action#com.tencent.liteav.demo.videopreprocess
ADDED from src\main\AndroidManifest.xml:16:17-82
	android:name
		ADDED from src\main\AndroidManifest.xml:16:25-79
action#android.intent.action.MAIN
ADDED from src\main\AndroidManifest.xml:17:17-69
	android:name
		ADDED from src\main\AndroidManifest.xml:17:25-66
category#android.intent.category.DEFAULT
ADDED from src\main\AndroidManifest.xml:19:17-76
	android:name
		ADDED from src\main\AndroidManifest.xml:19:27-73
activity#com.tencent.liteav.demo.videoediter.TCVideoEditerActivity
ADDED from src\main\AndroidManifest.xml:23:9-33:20
	android:screenOrientation
		ADDED from src\main\AndroidManifest.xml:26:13-49
	android:launchMode
		ADDED from src\main\AndroidManifest.xml:25:13-43
	android:name
		ADDED from src\main\AndroidManifest.xml:24:13-50
intent-filter#action:name:android.intent.action.MAIN+action:name:com.tencent.liteav.demo.videoediter+category:name:android.intent.category.DEFAULT
ADDED from src\main\AndroidManifest.xml:27:13-32:29
action#com.tencent.liteav.demo.videoediter
ADDED from src\main\AndroidManifest.xml:28:17-78
	android:name
		ADDED from src\main\AndroidManifest.xml:28:25-75
activity#com.tencent.liteav.demo.videoediter.paster.TCPasterActivity
ADDED from src\main\AndroidManifest.xml:34:9-36:52
	android:screenOrientation
		ADDED from src\main\AndroidManifest.xml:36:13-49
	android:name
		ADDED from src\main\AndroidManifest.xml:35:13-52
activity#com.tencent.liteav.demo.videoediter.bubble.TCWordEditActivity
ADDED from src\main\AndroidManifest.xml:37:9-40:68
	android:screenOrientation
		ADDED from src\main\AndroidManifest.xml:39:13-49
	android:windowSoftInputMode
		ADDED from src\main\AndroidManifest.xml:40:13-65
	android:name
		ADDED from src\main\AndroidManifest.xml:38:13-54
uses-sdk
INJECTED from src\main\AndroidManifest.xml reason: use-sdk injection requested
INJECTED from src\main\AndroidManifest.xml
INJECTED from src\main\AndroidManifest.xml
INJECTED from src\main\AndroidManifest.xml
INJECTED from src\main\AndroidManifest.xml
	android:targetSdkVersion
		INJECTED from src\main\AndroidManifest.xml
		ADDED from src\main\AndroidManifest.xml
		INJECTED from src\main\AndroidManifest.xml
	android:minSdkVersion
		INJECTED from src\main\AndroidManifest.xml
		ADDED from src\main\AndroidManifest.xml
		INJECTED from src\main\AndroidManifest.xml